Successfully retrieved statistics for job: 551358. 
+------------------------------------------------------------------------------+
| GPU ID: 0                                                                    |
+====================================+=========================================+
|-----  Execution Stats  ------------+-----------------------------------------|
| Start Time                         | Fri Sep  9 14:52:32 2022                |
| End Time                           | Fri Sep  9 14:59:40 2022                |
| Total Execution Time (sec)         | 427.31                                  |
| No. of Processes                   | 1                                       |
+-----  Performance Stats  ----------+-----------------------------------------+
| Energy Consumed (Joules)           | 78950                                   |
| Power Usage (Watts)                | Avg: 175.669, Max: 225.98, Min: 55.216  |
| Max GPU Memory Used (bytes)        | 6544162816                              |
| SM Clock (MHz)                     | Avg: 1638, Max: 1740, Min: 210          |
| Memory Clock (MHz)                 | Avg: 6793, Max: 7250, Min: 405          |
| SM Utilization (%)                 | Avg: 64, Max: 91, Min: 0                |
| Memory Utilization (%)             | Avg: 65, Max: 96, Min: 0                |
| PCIe Rx Bandwidth (megabytes)      | Avg: N/A, Max: N/A, Min: N/A            |
| PCIe Tx Bandwidth (megabytes)      | Avg: N/A, Max: N/A, Min: N/A            |
+-----  Event Stats  ----------------+-----------------------------------------+
| Single Bit ECC Errors              | 0                                       |
| Double Bit ECC Errors              | 0                                       |
| PCIe Replay Warnings               | 0                                       |
| Critical XID Errors                | 0                                       |
+-----  Slowdown Stats  -------------+-----------------------------------------+
| Due to - Power (%)                 | 0                                       |
|        - Thermal (%)               | 0                                       |
|        - Reliability (%)           | Not Supported                           |
|        - Board Limit (%)           | Not Supported                           |
|        - Low Utilization (%)       | Not Supported                           |
|        - Sync Boost (%)            | 0                                       |
+--  Compute Process Utilization  ---+-----------------------------------------+
| PID                                | 10610                                   |
|     Avg SM Utilization (%)         | 9                                       |
|     Avg Memory Utilization (%)     | 9                                       |
+-----  Overall Health  -------------+-----------------------------------------+
| Overall Health                     | Healthy                                 |
+------------------------------------+-----------------------------------------+

+------------------------------------------------------------------------------+
| GPU ID: 1                                                                    |
+====================================+=========================================+
|-----  Execution Stats  ------------+-----------------------------------------|
| Start Time                         | Fri Sep  9 14:52:32 2022                |
| End Time                           | Fri Sep  9 14:59:40 2022                |
| Total Execution Time (sec)         | 427.31                                  |
| No. of Processes                   | 0                                       |
+-----  Performance Stats  ----------+-----------------------------------------+
| Energy Consumed (Joules)           | 12892                                   |
| Power Usage (Watts)                | Avg: 30.7213, Max: 30.905, Min: 30.451  |
| Max GPU Memory Used (bytes)        | 0                                       |
| SM Clock (MHz)                     | Avg: 616, Max: 1080, Min: 210           |
| Memory Clock (MHz)                 | Avg: 405, Max: 405, Min: 405            |
| SM Utilization (%)                 | Avg: 0, Max: 0, Min: 0                  |
| Memory Utilization (%)             | Avg: 0, Max: 0, Min: 0                  |
| PCIe Rx Bandwidth (megabytes)      | Avg: N/A, Max: N/A, Min: N/A            |
| PCIe Tx Bandwidth (megabytes)      | Avg: N/A, Max: N/A, Min: N/A            |
+-----  Event Stats  ----------------+-----------------------------------------+
| Single Bit ECC Errors              | 0                                       |
| Double Bit ECC Errors              | 0                                       |
| PCIe Replay Warnings               | 0                                       |
| Critical XID Errors                | 0                                       |
+-----  Slowdown Stats  -------------+-----------------------------------------+
| Due to - Power (%)                 | 0                                       |
|        - Thermal (%)               | 0                                       |
|        - Reliability (%)           | Not Supported                           |
|        - Board Limit (%)           | Not Supported                           |
|        - Low Utilization (%)       | Not Supported                           |
|        - Sync Boost (%)            | 0                                       |
+-----  Overall Health  -------------+-----------------------------------------+
| Overall Health                     | Healthy                                 |
+------------------------------------+-----------------------------------------+

