Successfully retrieved statistics for job: 551530. 
+------------------------------------------------------------------------------+
| GPU ID: 2                                                                    |
+====================================+=========================================+
|-----  Execution Stats  ------------+-----------------------------------------|
| Start Time                         | Fri Sep  9 17:56:27 2022                |
| End Time                           | Fri Sep  9 17:58:20 2022                |
| Total Execution Time (sec)         | 113.66                                  |
| No. of Processes                   | 1                                       |
+-----  Performance Stats  ----------+-----------------------------------------+
| Energy Consumed (Joules)           | 14335                                   |
| Power Usage (Watts)                | Avg: 207.951, Max: 256.937, Min: 76.847 |
| Max GPU Memory Used (bytes)        | 4902092800                              |
| SM Clock (MHz)                     | Avg: 1740, Max: 1740, Min: 1740         |
| Memory Clock (MHz)                 | Avg: 7250, Max: 7250, Min: 7250         |
| SM Utilization (%)                 | Avg: 52, Max: 67, Min: 36               |
| Memory Utilization (%)             | Avg: 49, Max: 75, Min: 4                |
| PCIe Rx Bandwidth (megabytes)      | Avg: N/A, Max: N/A, Min: N/A            |
| PCIe Tx Bandwidth (megabytes)      | Avg: N/A, Max: N/A, Min: N/A            |
+-----  Event Stats  ----------------+-----------------------------------------+
| Single Bit ECC Errors              | 0                                       |
| Double Bit ECC Errors              | 0                                       |
| PCIe Replay Warnings               | 0                                       |
| Critical XID Errors                | 0                                       |
+-----  Slowdown Stats  -------------+-----------------------------------------+
| Due to - Power (%)                 | 0                                       |
|        - Thermal (%)               | 0                                       |
|        - Reliability (%)           | Not Supported                           |
|        - Board Limit (%)           | Not Supported                           |
|        - Low Utilization (%)       | Not Supported                           |
|        - Sync Boost (%)            | 0                                       |
+--  Compute Process Utilization  ---+-----------------------------------------+
| PID                                | 104948                                  |
|     Avg SM Utilization (%)         | 40                                      |
|     Avg Memory Utilization (%)     | 41                                      |
+-----  Overall Health  -------------+-----------------------------------------+
| Overall Health                     | Healthy                                 |
+------------------------------------+-----------------------------------------+

