Successfully retrieved statistics for job: 551647. 
+------------------------------------------------------------------------------+
| GPU ID: 2                                                                    |
+====================================+=========================================+
|-----  Execution Stats  ------------+-----------------------------------------|
| Start Time                         | Fri Sep  9 20:13:30 2022                |
| End Time                           | Fri Sep  9 20:14:08 2022                |
| Total Execution Time (sec)         | 37.95                                   |
| No. of Processes                   | 1                                       |
+-----  Performance Stats  ----------+-----------------------------------------+
| Energy Consumed (Joules)           | 0                                       |
| Power Usage (Watts)                | Avg: 82.673, Max: 82.673, Min: 82.673   |
| Max GPU Memory Used (bytes)        | 1003487232                              |
| SM Clock (MHz)                     | Avg: 1740, Max: 1740, Min: 1740         |
| Memory Clock (MHz)                 | Avg: 7250, Max: 7250, Min: 7250         |
| SM Utilization (%)                 | Avg: 28, Max: 28, Min: 28               |
| Memory Utilization (%)             | Avg: 2, Max: 2, Min: 2                  |
| PCIe Rx Bandwidth (megabytes)      | Avg: N/A, Max: N/A, Min: N/A            |
| PCIe Tx Bandwidth (megabytes)      | Avg: N/A, Max: N/A, Min: N/A            |
+-----  Event Stats  ----------------+-----------------------------------------+
| Single Bit ECC Errors              | 0                                       |
| Double Bit ECC Errors              | 0                                       |
| PCIe Replay Warnings               | 0                                       |
| Critical XID Errors                | 0                                       |
+-----  Slowdown Stats  -------------+-----------------------------------------+
| Due to - Power (%)                 | 0                                       |
|        - Thermal (%)               | 0                                       |
|        - Reliability (%)           | Not Supported                           |
|        - Board Limit (%)           | Not Supported                           |
|        - Low Utilization (%)       | Not Supported                           |
|        - Sync Boost (%)            | 0                                       |
+--  Compute Process Utilization  ---+-----------------------------------------+
| PID                                | 113420                                  |
|     Avg SM Utilization (%)         | 3                                       |
|     Avg Memory Utilization (%)     | 0                                       |
+-----  Overall Health  -------------+-----------------------------------------+
| Overall Health                     | Healthy                                 |
+------------------------------------+-----------------------------------------+

