Successfully retrieved statistics for job: 551743. 
+------------------------------------------------------------------------------+
| GPU ID: 2                                                                    |
+====================================+=========================================+
|-----  Execution Stats  ------------+-----------------------------------------|
| Start Time                         | Fri Sep  9 21:13:48 2022                |
| End Time                           | Fri Sep  9 21:35:16 2022                |
| Total Execution Time (sec)         | 1288.15                                 |
| No. of Processes                   | 4                                       |
+-----  Performance Stats  ----------+-----------------------------------------+
| Energy Consumed (Joules)           | 221960                                  |
| Power Usage (Watts)                | Avg: 182.112, Max: 251.373, Min: 80.708 |
| Max GPU Memory Used (bytes)        | 4902092800                              |
| SM Clock (MHz)                     | Avg: 1740, Max: 1740, Min: 1740         |
| Memory Clock (MHz)                 | Avg: 7250, Max: 7250, Min: 7250         |
| SM Utilization (%)                 | Avg: 52, Max: 71, Min: 21               |
| Memory Utilization (%)             | Avg: 51, Max: 65, Min: 0                |
| PCIe Rx Bandwidth (megabytes)      | Avg: N/A, Max: N/A, Min: N/A            |
| PCIe Tx Bandwidth (megabytes)      | Avg: N/A, Max: N/A, Min: N/A            |
+-----  Event Stats  ----------------+-----------------------------------------+
| Single Bit ECC Errors              | 0                                       |
| Double Bit ECC Errors              | 0                                       |
| PCIe Replay Warnings               | 0                                       |
| Critical XID Errors                | 0                                       |
+-----  Slowdown Stats  -------------+-----------------------------------------+
| Due to - Power (%)                 | 0                                       |
|        - Thermal (%)               | 0                                       |
|        - Reliability (%)           | Not Supported                           |
|        - Board Limit (%)           | Not Supported                           |
|        - Low Utilization (%)       | Not Supported                           |
|        - Sync Boost (%)            | 0                                       |
+--  Compute Process Utilization  ---+-----------------------------------------+
| PID                                | 115866                                  |
|     Avg SM Utilization (%)         | 49                                      |
|     Avg Memory Utilization (%)     | 48                                      |
| PID                                | 117880                                  |
|     Avg SM Utilization (%)         | 1                                       |
|     Avg Memory Utilization (%)     | 1                                       |
| PID                                | 117928                                  |
|     Avg SM Utilization (%)         | 0                                       |
|     Avg Memory Utilization (%)     | 0                                       |
| PID                                | 118019                                  |
|     Avg SM Utilization (%)         | 0                                       |
|     Avg Memory Utilization (%)     | 0                                       |
+-----  Overall Health  -------------+-----------------------------------------+
| Overall Health                     | Healthy                                 |
+------------------------------------+-----------------------------------------+

